[debug] [2023-03-14T17:17:52.314Z] ----------------------------------------------------------------------
[debug] [2023-03-14T17:17:52.315Z] Command:       C:\Program Files\nodejs\node.exe C:\Users\ED\AppData\Roaming\npm\node_modules\firebase-tools\lib\bin\firebase.js init
[debug] [2023-03-14T17:17:52.316Z] CLI Version:   11.24.1
[debug] [2023-03-14T17:17:52.316Z] Platform:      win32
[debug] [2023-03-14T17:17:52.316Z] Node Version:  v18.15.0
[debug] [2023-03-14T17:17:52.317Z] Time:          Tue Mar 14 2023 19:17:52 GMT+0200 (Israel Standard Time)
[debug] [2023-03-14T17:17:52.317Z] ----------------------------------------------------------------------
[debug] 
[debug] [2023-03-14T17:17:52.323Z] > command requires scopes: ["email","openid","https://www.googleapis.com/auth/cloudplatformprojects.readonly","https://www.googleapis.com/auth/firebase","https://www.googleapis.com/auth/cloud-platform"]
[debug] [2023-03-14T17:17:52.324Z] > authorizing via signed-in user (ehabdamouny@gmail.com)
[info] 
     ######## #### ########  ######## ########     ###     ######  ########
     ##        ##  ##     ## ##       ##     ##  ##   ##  ##       ##
     ######    ##  ########  ######   ########  #########  ######  ######
     ##        ##  ##    ##  ##       ##     ## ##     ##       ## ##
     ##       #### ##     ## ######## ########  ##     ##  ######  ########

You're about to initialize a Firebase project in this directory:

  C:\Users\ED\Desktop\TIY

[info] 
=== Project Setup
[info] 
[info] First, let's associate this project directory with a Firebase project.
[info] You can create multiple project aliases by running firebase use --add, 
[info] but for now we'll just set up a default project.
[info] 
[debug] [2023-03-14T17:18:09.083Z] >>> [apiv2][query] GET https://firebase.googleapis.com/v1beta1/projects pageSize=100
[debug] [2023-03-14T17:18:10.200Z] <<< [apiv2][status] GET https://firebase.googleapis.com/v1beta1/projects 200
[debug] [2023-03-14T17:18:10.201Z] <<< [apiv2][body] GET https://firebase.googleapis.com/v1beta1/projects [omitted]
[info] i  Using project tiys-98d86 (TIYs) 
[info] 
=== Hosting Setup
[info] 
[info] Your public directory is the folder (relative to your project directory) that
[info] will contain Hosting assets to be uploaded with firebase deploy. If you
[info] have a build process for your assets, use your build's output directory.
[info] 
